Using pre-set license
Built from '2020.3/staging' branch; Version is '2020.3.10f1 (297d780c91bc) revision 2719096'; Using compiler version '192528614'; Build Type 'Release'
OS: 'Windows 10 Pro; OS build 19042.1110; Version 2009; 64bit' Language: 'en' Physical Memory: 32653 MB
BatchMode: 1, IsHumanControllingUs: 0, StartBugReporterOnCrash: 0, Is64bit: 1, IsPro: 0

 COMMAND LINE ARGUMENTS:
C:\Program Files\Unity\Hub\Editor\2020.3.10f1\Editor\Unity.exe
-adb2
-batchMode
-noUpm
-name
AssetImportWorker0
-projectPath
C:/Users/J H/Documents/GitHub/Udemy _ 2D Project
-logFile
Logs/AssetImportWorker0.log
-srvPort
60279
Successfully changed project path to: C:/Users/J H/Documents/GitHub/Udemy _ 2D Project
C:/Users/J H/Documents/GitHub/Udemy _ 2D Project
Using Asset Import Pipeline V2.
Refreshing native plugins compatible for Editor in 36.37 ms, found 3 plugins.
Preloading 0 native plugins for Editor in 0.00 ms.
Initialize engine version: 2020.3.10f1 (297d780c91bc)
[Subsystems] Discovering subsystems at path C:/Program Files/Unity/Hub/Editor/2020.3.10f1/Editor/Data/Resources/UnitySubsystems
[Subsystems] Discovering subsystems at path C:/Users/J H/Documents/GitHub/Udemy _ 2D Project/Assets
GfxDevice: creating device client; threaded=0
Direct3D:
    Version:  Direct3D 11.0 [level 11.1]
    Renderer: NVIDIA GeForce RTX 2060 (ID=0x1e89)
    Vendor:   
    VRAM:     5974 MB
    Driver:   27.21.14.5671
Initialize mono
Mono path[0] = 'C:/Program Files/Unity/Hub/Editor/2020.3.10f1/Editor/Data/Managed'
Mono path[1] = 'C:/Program Files/Unity/Hub/Editor/2020.3.10f1/Editor/Data/MonoBleedingEdge/lib/mono/unityjit'
Mono config path = 'C:/Program Files/Unity/Hub/Editor/2020.3.10f1/Editor/Data/MonoBleedingEdge/etc'
Using monoOptions --debugger-agent=transport=dt_socket,embedding=1,server=y,suspend=n,address=127.0.0.1:56660
Begin MonoManager ReloadAssembly
Registering precompiled unity dll's ...
Register platform support module: C:/Program Files/Unity/Hub/Editor/2020.3.10f1/Editor/Data/PlaybackEngines/WebGLSupport/UnityEditor.WebGL.Extensions.dll
Register platform support module: C:/Program Files/Unity/Hub/Editor/2020.3.10f1/Editor/Data/PlaybackEngines/WindowsStandaloneSupport/UnityEditor.WindowsStandalone.Extensions.dll
Registered in 0.001825 seconds.
Native extension for WindowsStandalone target not found
Native extension for WebGL target not found
Refreshing native plugins compatible for Editor in 36.24 ms, found 3 plugins.
Preloading 0 native plugins for Editor in 0.00 ms.
Mono: successfully reloaded assembly
- Completed reload, in  0.940 seconds
Platform modules already initialized, skipping
Registering precompiled user dll's ...
Registered in 0.003030 seconds.
Begin MonoManager ReloadAssembly
Native extension for WindowsStandalone target not found
Native extension for WebGL target not found
Refreshing native plugins compatible for Editor in 36.94 ms, found 3 plugins.
Preloading 0 native plugins for Editor in 0.00 ms.
Mono: successfully reloaded assembly
- Completed reload, in  0.885 seconds
Platform modules already initialized, skipping
========================================================================
Worker process is ready to serve import requests
Launched and connected shader compiler UnityShaderCompiler.exe after 0.03 seconds
Refreshing native plugins compatible for Editor in 0.54 ms, found 3 plugins.
Preloading 0 native plugins for Editor in 0.00 ms.
Unloading 2092 Unused Serialized files (Serialized files now loaded: 0)
System memory in use before: 93.2 MB.
System memory in use after: 93.2 MB.

Unloading 33 unused Assets to reduce memory usage. Loaded Objects now: 2527.
Total: 2.299400 ms (FindLiveObjects: 0.242600 ms CreateObjectMapping: 0.047600 ms MarkObjects: 1.879000 ms  DeleteObjects: 0.129200 ms)

========================================================================
Received Import Request.
  path: Assets/2D Platformer Assets/Scripts/DealDamage.cs
  artifactKey: Guid(c0d36d8ce289cca478b3de48a4410bb8) Importer(815301076,1909f56bfc062723c751e8b465ee728b)
Start importing Assets/2D Platformer Assets/Scripts/DealDamage.cs using Guid(c0d36d8ce289cca478b3de48a4410bb8) Importer(815301076,1909f56bfc062723c751e8b465ee728b)  -> (artifact id: '9d1fbe0a929fac22f28030aaba791dc3') in 0.022928 seconds
  Import took 0.026079 seconds .

========================================================================
Received Import Request.
  Time since last request: 28.301208 seconds.
  path: Assets/2D Platformer Assets/Scripts/DealDamage.cs
  artifactKey: Guid(c0d36d8ce289cca478b3de48a4410bb8) Importer(815301076,1909f56bfc062723c751e8b465ee728b)
Start importing Assets/2D Platformer Assets/Scripts/DealDamage.cs using Guid(c0d36d8ce289cca478b3de48a4410bb8) Importer(815301076,1909f56bfc062723c751e8b465ee728b)  -> (artifact id: '1785fc2434b449b4e1962a2b688239f7') in 0.002077 seconds
  Import took 0.004724 seconds .

========================================================================
Received Prepare
Registering precompiled user dll's ...
Registered in 0.002892 seconds.
Begin MonoManager ReloadAssembly
Native extension for WindowsStandalone target not found
Native extension for WebGL target not found
Refreshing native plugins compatible for Editor in 0.51 ms, found 3 plugins.
Preloading 0 native plugins for Editor in 0.00 ms.
Mono: successfully reloaded assembly
- Completed reload, in  0.794 seconds
Platform modules already initialized, skipping
Refreshing native plugins compatible for Editor in 0.47 ms, found 3 plugins.
Preloading 0 native plugins for Editor in 0.00 ms.
Unloading 2087 Unused Serialized files (Serialized files now loaded: 0)
System memory in use before: 93.2 MB.
System memory in use after: 93.2 MB.

Unloading 21 unused Assets to reduce memory usage. Loaded Objects now: 2531.
Total: 1.934200 ms (FindLiveObjects: 0.173300 ms CreateObjectMapping: 0.047100 ms MarkObjects: 1.621400 ms  DeleteObjects: 0.091300 ms)

========================================================================
Received Import Request.
  Time since last request: 2029.280324 seconds.
  path: Assets/2D Platformer Assets/Scripts/DealDamage.cs
  artifactKey: Guid(c0d36d8ce289cca478b3de48a4410bb8) Importer(815301076,1909f56bfc062723c751e8b465ee728b)
Start importing Assets/2D Platformer Assets/Scripts/DealDamage.cs using Guid(c0d36d8ce289cca478b3de48a4410bb8) Importer(815301076,1909f56bfc062723c751e8b465ee728b)  -> (artifact id: 'f5b19e4f5c647d0b489918a083d1a003') in 0.004936 seconds
  Import took 0.008217 seconds .

========================================================================
Received Prepare
Registering precompiled user dll's ...
Registered in 0.003056 seconds.
Begin MonoManager ReloadAssembly
Native extension for WindowsStandalone target not found
Native extension for WebGL target not found
Refreshing native plugins compatible for Editor in 0.50 ms, found 3 plugins.
Preloading 0 native plugins for Editor in 0.00 ms.
Mono: successfully reloaded assembly
- Completed reload, in  0.765 seconds
Platform modules already initialized, skipping
Refreshing native plugins compatible for Editor in 0.51 ms, found 3 plugins.
Preloading 0 native plugins for Editor in 0.00 ms.
Unloading 2087 Unused Serialized files (Serialized files now loaded: 0)
System memory in use before: 93.2 MB.
System memory in use after: 93.2 MB.

Unloading 21 unused Assets to reduce memory usage. Loaded Objects now: 2535.
Total: 1.974500 ms (FindLiveObjects: 0.191700 ms CreateObjectMapping: 0.046000 ms MarkObjects: 1.627700 ms  DeleteObjects: 0.108000 ms)

========================================================================
Received Import Request.
  Time since last request: 15.760843 seconds.
  path: Assets/2D Platformer Assets/Scripts/DealDamage.cs
  artifactKey: Guid(c0d36d8ce289cca478b3de48a4410bb8) Importer(815301076,1909f56bfc062723c751e8b465ee728b)
Start importing Assets/2D Platformer Assets/Scripts/DealDamage.cs using Guid(c0d36d8ce289cca478b3de48a4410bb8) Importer(815301076,1909f56bfc062723c751e8b465ee728b)  -> (artifact id: '28b1d78180858f64f7f8e050fb0b8927') in 0.004476 seconds
  Import took 0.007102 seconds .

========================================================================
Received Prepare
Registering precompiled user dll's ...
Registered in 0.002918 seconds.
Begin MonoManager ReloadAssembly
Native extension for WindowsStandalone target not found
Native extension for WebGL target not found
Refreshing native plugins compatible for Editor in 0.49 ms, found 3 plugins.
Preloading 0 native plugins for Editor in 0.00 ms.
Mono: successfully reloaded assembly
- Completed reload, in  0.773 seconds
Platform modules already initialized, skipping
Refreshing native plugins compatible for Editor in 0.49 ms, found 3 plugins.
Preloading 0 native plugins for Editor in 0.00 ms.
Unloading 2087 Unused Serialized files (Serialized files now loaded: 0)
System memory in use before: 93.3 MB.
System memory in use after: 93.2 MB.

Unloading 21 unused Assets to reduce memory usage. Loaded Objects now: 2539.
Total: 1.958100 ms (FindLiveObjects: 0.180100 ms CreateObjectMapping: 0.045800 ms MarkObjects: 1.634500 ms  DeleteObjects: 0.096800 ms)

========================================================================
Received Prepare
Registering precompiled user dll's ...
Registered in 0.003051 seconds.
Begin MonoManager ReloadAssembly
Native extension for WindowsStandalone target not found
Native extension for WebGL target not found
Refreshing native plugins compatible for Editor in 0.49 ms, found 3 plugins.
Preloading 0 native plugins for Editor in 0.00 ms.
Mono: successfully reloaded assembly
- Completed reload, in  0.764 seconds
Platform modules already initialized, skipping
Refreshing native plugins compatible for Editor in 0.50 ms, found 3 plugins.
Preloading 0 native plugins for Editor in 0.00 ms.
Unloading 2087 Unused Serialized files (Serialized files now loaded: 0)
System memory in use before: 93.3 MB.
System memory in use after: 93.2 MB.

Unloading 21 unused Assets to reduce memory usage. Loaded Objects now: 2543.
Total: 2.066700 ms (FindLiveObjects: 0.197200 ms CreateObjectMapping: 0.054200 ms MarkObjects: 1.708900 ms  DeleteObjects: 0.105600 ms)

========================================================================
Received Prepare
Registering precompiled user dll's ...
Registered in 0.002988 seconds.
Begin MonoManager ReloadAssembly
Native extension for WindowsStandalone target not found
Native extension for WebGL target not found
Refreshing native plugins compatible for Editor in 0.52 ms, found 3 plugins.
Preloading 0 native plugins for Editor in 0.00 ms.
Mono: successfully reloaded assembly
- Completed reload, in  0.775 seconds
Platform modules already initialized, skipping
Refreshing native plugins compatible for Editor in 0.50 ms, found 3 plugins.
Preloading 0 native plugins for Editor in 0.00 ms.
Unloading 2087 Unused Serialized files (Serialized files now loaded: 0)
System memory in use before: 93.3 MB.
System memory in use after: 93.3 MB.

Unloading 21 unused Assets to reduce memory usage. Loaded Objects now: 2547.
Total: 1.941700 ms (FindLiveObjects: 0.182000 ms CreateObjectMapping: 0.045700 ms MarkObjects: 1.618000 ms  DeleteObjects: 0.095200 ms)

========================================================================
Received Prepare
Registering precompiled user dll's ...
Registered in 0.002993 seconds.
Begin MonoManager ReloadAssembly
Native extension for WindowsStandalone target not found
Native extension for WebGL target not found
Refreshing native plugins compatible for Editor in 0.48 ms, found 3 plugins.
Preloading 0 native plugins for Editor in 0.00 ms.
Mono: successfully reloaded assembly
- Completed reload, in  0.765 seconds
Platform modules already initialized, skipping
Refreshing native plugins compatible for Editor in 0.51 ms, found 3 plugins.
Preloading 0 native plugins for Editor in 0.00 ms.
Unloading 2087 Unused Serialized files (Serialized files now loaded: 0)
System memory in use before: 93.3 MB.
System memory in use after: 93.3 MB.

Unloading 21 unused Assets to reduce memory usage. Loaded Objects now: 2551.
Total: 1.957400 ms (FindLiveObjects: 0.184500 ms CreateObjectMapping: 0.045900 ms MarkObjects: 1.623600 ms  DeleteObjects: 0.102600 ms)

========================================================================
Received Prepare
Registering precompiled user dll's ...
Registered in 0.002904 seconds.
Begin MonoManager ReloadAssembly
Native extension for WindowsStandalone target not found
Native extension for WebGL target not found
Refreshing native plugins compatible for Editor in 0.45 ms, found 3 plugins.
Preloading 0 native plugins for Editor in 0.00 ms.
Mono: successfully reloaded assembly
- Completed reload, in  0.767 seconds
Platform modules already initialized, skipping
Refreshing native plugins compatible for Editor in 0.50 ms, found 3 plugins.
Preloading 0 native plugins for Editor in 0.00 ms.
Unloading 2087 Unused Serialized files (Serialized files now loaded: 0)
System memory in use before: 93.3 MB.
System memory in use after: 93.3 MB.

Unloading 21 unused Assets to reduce memory usage. Loaded Objects now: 2555.
Total: 2.051200 ms (FindLiveObjects: 0.200800 ms CreateObjectMapping: 0.059500 ms MarkObjects: 1.691600 ms  DeleteObjects: 0.098500 ms)

========================================================================
Received Prepare
Registering precompiled user dll's ...
Registered in 0.003167 seconds.
Begin MonoManager ReloadAssembly
Native extension for WindowsStandalone target not found
Native extension for WebGL target not found
Refreshing native plugins compatible for Editor in 0.50 ms, found 3 plugins.
Preloading 0 native plugins for Editor in 0.00 ms.
Mono: successfully reloaded assembly
- Completed reload, in  0.766 seconds
Platform modules already initialized, skipping
Refreshing native plugins compatible for Editor in 0.49 ms, found 3 plugins.
Preloading 0 native plugins for Editor in 0.00 ms.
Unloading 2087 Unused Serialized files (Serialized files now loaded: 0)
System memory in use before: 93.3 MB.
System memory in use after: 93.3 MB.

Unloading 21 unused Assets to reduce memory usage. Loaded Objects now: 2559.
Total: 2.018500 ms (FindLiveObjects: 0.193100 ms CreateObjectMapping: 0.046300 ms MarkObjects: 1.673800 ms  DeleteObjects: 0.104400 ms)

========================================================================
Received Prepare
Registering precompiled user dll's ...
Registered in 0.002838 seconds.
Begin MonoManager ReloadAssembly
Native extension for WindowsStandalone target not found
Native extension for WebGL target not found
Refreshing native plugins compatible for Editor in 0.50 ms, found 3 plugins.
Preloading 0 native plugins for Editor in 0.00 ms.
Mono: successfully reloaded assembly
- Completed reload, in  0.751 seconds
Platform modules already initialized, skipping
Refreshing native plugins compatible for Editor in 0.51 ms, found 3 plugins.
Preloading 0 native plugins for Editor in 0.00 ms.
Unloading 2087 Unused Serialized files (Serialized files now loaded: 0)
System memory in use before: 93.3 MB.
System memory in use after: 93.3 MB.

Unloading 21 unused Assets to reduce memory usage. Loaded Objects now: 2563.
Total: 2.242100 ms (FindLiveObjects: 0.238700 ms CreateObjectMapping: 0.049900 ms MarkObjects: 1.835700 ms  DeleteObjects: 0.116800 ms)

========================================================================
Received Prepare
Registering precompiled user dll's ...
Registered in 0.003003 seconds.
Begin MonoManager ReloadAssembly
Native extension for WindowsStandalone target not found
Native extension for WebGL target not found
Refreshing native plugins compatible for Editor in 0.50 ms, found 3 plugins.
Preloading 0 native plugins for Editor in 0.00 ms.
Mono: successfully reloaded assembly
- Completed reload, in  0.797 seconds
Platform modules already initialized, skipping
Refreshing native plugins compatible for Editor in 0.50 ms, found 3 plugins.
Preloading 0 native plugins for Editor in 0.00 ms.
Unloading 2087 Unused Serialized files (Serialized files now loaded: 0)
System memory in use before: 93.3 MB.
System memory in use after: 93.3 MB.

Unloading 21 unused Assets to reduce memory usage. Loaded Objects now: 2567.
Total: 1.963300 ms (FindLiveObjects: 0.188000 ms CreateObjectMapping: 0.045700 ms MarkObjects: 1.631000 ms  DeleteObjects: 0.097800 ms)

========================================================================
Received Prepare
Registering precompiled user dll's ...
Registered in 0.003062 seconds.
Begin MonoManager ReloadAssembly
Native extension for WindowsStandalone target not found
Native extension for WebGL target not found
Refreshing native plugins compatible for Editor in 0.50 ms, found 3 plugins.
Preloading 0 native plugins for Editor in 0.00 ms.
Mono: successfully reloaded assembly
- Completed reload, in  0.772 seconds
Platform modules already initialized, skipping
Refreshing native plugins compatible for Editor in 0.50 ms, found 3 plugins.
Preloading 0 native plugins for Editor in 0.00 ms.
Unloading 2087 Unused Serialized files (Serialized files now loaded: 0)
System memory in use before: 93.3 MB.
System memory in use after: 93.3 MB.

Unloading 21 unused Assets to reduce memory usage. Loaded Objects now: 2571.
Total: 1.998300 ms (FindLiveObjects: 0.188900 ms CreateObjectMapping: 0.047400 ms MarkObjects: 1.655700 ms  DeleteObjects: 0.105400 ms)

========================================================================
Received Prepare
Registering precompiled user dll's ...
Registered in 0.002944 seconds.
Begin MonoManager ReloadAssembly
Native extension for WindowsStandalone target not found
Native extension for WebGL target not found
Refreshing native plugins compatible for Editor in 0.46 ms, found 3 plugins.
Preloading 0 native plugins for Editor in 0.00 ms.
Mono: successfully reloaded assembly
- Completed reload, in  0.768 seconds
Platform modules already initialized, skipping
Refreshing native plugins compatible for Editor in 0.50 ms, found 3 plugins.
Preloading 0 native plugins for Editor in 0.00 ms.
Unloading 2087 Unused Serialized files (Serialized files now loaded: 0)
System memory in use before: 93.3 MB.
System memory in use after: 93.3 MB.

Unloading 21 unused Assets to reduce memory usage. Loaded Objects now: 2575.
Total: 1.979300 ms (FindLiveObjects: 0.193300 ms CreateObjectMapping: 0.045700 ms MarkObjects: 1.639600 ms  DeleteObjects: 0.099700 ms)

========================================================================
Received Prepare
Registering precompiled user dll's ...
Registered in 0.002868 seconds.
Begin MonoManager ReloadAssembly
Native extension for WindowsStandalone target not found
Native extension for WebGL target not found
Refreshing native plugins compatible for Editor in 0.50 ms, found 3 plugins.
Preloading 0 native plugins for Editor in 0.00 ms.
Mono: successfully reloaded assembly
- Completed reload, in  0.762 seconds
Platform modules already initialized, skipping
Refreshing native plugins compatible for Editor in 0.50 ms, found 3 plugins.
Preloading 0 native plugins for Editor in 0.00 ms.
Unloading 2087 Unused Serialized files (Serialized files now loaded: 0)
System memory in use before: 93.3 MB.
System memory in use after: 93.3 MB.

Unloading 21 unused Assets to reduce memory usage. Loaded Objects now: 2579.
Total: 1.998800 ms (FindLiveObjects: 0.193000 ms CreateObjectMapping: 0.049400 ms MarkObjects: 1.649200 ms  DeleteObjects: 0.106100 ms)

========================================================================
Received Prepare
Registering precompiled user dll's ...
Registered in 0.002990 seconds.
Begin MonoManager ReloadAssembly
Native extension for WindowsStandalone target not found
Native extension for WebGL target not found
Refreshing native plugins compatible for Editor in 0.48 ms, found 3 plugins.
Preloading 0 native plugins for Editor in 0.00 ms.
Mono: successfully reloaded assembly
- Completed reload, in  0.773 seconds
Platform modules already initialized, skipping
Refreshing native plugins compatible for Editor in 0.50 ms, found 3 plugins.
Preloading 0 native plugins for Editor in 0.00 ms.
Unloading 2087 Unused Serialized files (Serialized files now loaded: 0)
System memory in use before: 93.4 MB.
System memory in use after: 93.3 MB.

Unloading 21 unused Assets to reduce memory usage. Loaded Objects now: 2583.
Total: 1.994600 ms (FindLiveObjects: 0.192800 ms CreateObjectMapping: 0.045900 ms MarkObjects: 1.659200 ms  DeleteObjects: 0.095800 ms)

========================================================================
Received Prepare
Registering precompiled user dll's ...
Registered in 0.003048 seconds.
Begin MonoManager ReloadAssembly
Native extension for WindowsStandalone target not found
Native extension for WebGL target not found
Refreshing native plugins compatible for Editor in 0.40 ms, found 3 plugins.
Preloading 0 native plugins for Editor in 0.00 ms.
Mono: successfully reloaded assembly
- Completed reload, in  0.769 seconds
Platform modules already initialized, skipping
Refreshing native plugins compatible for Editor in 0.51 ms, found 3 plugins.
Preloading 0 native plugins for Editor in 0.00 ms.
Unloading 2087 Unused Serialized files (Serialized files now loaded: 0)
System memory in use before: 93.4 MB.
System memory in use after: 93.3 MB.

Unloading 21 unused Assets to reduce memory usage. Loaded Objects now: 2587.
Total: 2.000500 ms (FindLiveObjects: 0.194400 ms CreateObjectMapping: 0.046700 ms MarkObjects: 1.660000 ms  DeleteObjects: 0.098400 ms)

========================================================================
Received Prepare
Registering precompiled user dll's ...
Registered in 0.003003 seconds.
Begin MonoManager ReloadAssembly
Native extension for WindowsStandalone target not found
Native extension for WebGL target not found
Refreshing native plugins compatible for Editor in 0.46 ms, found 3 plugins.
Preloading 0 native plugins for Editor in 0.00 ms.
Mono: successfully reloaded assembly
- Completed reload, in  0.761 seconds
Platform modules already initialized, skipping
Refreshing native plugins compatible for Editor in 0.50 ms, found 3 plugins.
Preloading 0 native plugins for Editor in 0.00 ms.
Unloading 2087 Unused Serialized files (Serialized files now loaded: 0)
System memory in use before: 93.4 MB.
System memory in use after: 93.4 MB.

Unloading 21 unused Assets to reduce memory usage. Loaded Objects now: 2591.
Total: 2.012800 ms (FindLiveObjects: 0.207700 ms CreateObjectMapping: 0.046800 ms MarkObjects: 1.658000 ms  DeleteObjects: 0.099500 ms)

========================================================================
Received Prepare
Registering precompiled user dll's ...
Registered in 0.002965 seconds.
Begin MonoManager ReloadAssembly
Native extension for WindowsStandalone target not found
Native extension for WebGL target not found
Refreshing native plugins compatible for Editor in 0.42 ms, found 3 plugins.
Preloading 0 native plugins for Editor in 0.00 ms.
Mono: successfully reloaded assembly
- Completed reload, in  0.765 seconds
Platform modules already initialized, skipping
Refreshing native plugins compatible for Editor in 0.51 ms, found 3 plugins.
Preloading 0 native plugins for Editor in 0.00 ms.
Unloading 2087 Unused Serialized files (Serialized files now loaded: 0)
System memory in use before: 93.4 MB.
System memory in use after: 93.4 MB.

Unloading 21 unused Assets to reduce memory usage. Loaded Objects now: 2595.
Total: 2.025800 ms (FindLiveObjects: 0.201000 ms CreateObjectMapping: 0.046400 ms MarkObjects: 1.671400 ms  DeleteObjects: 0.106000 ms)

========================================================================
Received Prepare
Registering precompiled user dll's ...
Registered in 0.002929 seconds.
Begin MonoManager ReloadAssembly
Native extension for WindowsStandalone target not found
Native extension for WebGL target not found
Refreshing native plugins compatible for Editor in 0.52 ms, found 3 plugins.
Preloading 0 native plugins for Editor in 0.00 ms.
Mono: successfully reloaded assembly
- Completed reload, in  0.759 seconds
Platform modules already initialized, skipping
Refreshing native plugins compatible for Editor in 0.51 ms, found 3 plugins.
Preloading 0 native plugins for Editor in 0.00 ms.
Unloading 2087 Unused Serialized files (Serialized files now loaded: 0)
System memory in use before: 93.4 MB.
System memory in use after: 93.4 MB.

Unloading 21 unused Assets to reduce memory usage. Loaded Objects now: 2599.
Total: 1.995700 ms (FindLiveObjects: 0.195500 ms CreateObjectMapping: 0.046800 ms MarkObjects: 1.649700 ms  DeleteObjects: 0.102700 ms)

========================================================================
Received Prepare
Registering precompiled user dll's ...
Registered in 0.003143 seconds.
Begin MonoManager ReloadAssembly
Native extension for WindowsStandalone target not found
Native extension for WebGL target not found
Refreshing native plugins compatible for Editor in 0.45 ms, found 3 plugins.
Preloading 0 native plugins for Editor in 0.00 ms.
Mono: successfully reloaded assembly
- Completed reload, in  0.768 seconds
Platform modules already initialized, skipping
Refreshing native plugins compatible for Editor in 0.50 ms, found 3 plugins.
Preloading 0 native plugins for Editor in 0.00 ms.
Unloading 2087 Unused Serialized files (Serialized files now loaded: 0)
System memory in use before: 93.4 MB.
System memory in use after: 93.4 MB.

Unloading 21 unused Assets to reduce memory usage. Loaded Objects now: 2603.
Total: 1.989700 ms (FindLiveObjects: 0.201300 ms CreateObjectMapping: 0.046300 ms MarkObjects: 1.644200 ms  DeleteObjects: 0.097200 ms)

========================================================================
Received Prepare
Registering precompiled user dll's ...
Registered in 0.002981 seconds.
Begin MonoManager ReloadAssembly
Native extension for WindowsStandalone target not found
Native extension for WebGL target not found
Refreshing native plugins compatible for Editor in 0.40 ms, found 3 plugins.
Preloading 0 native plugins for Editor in 0.00 ms.
Mono: successfully reloaded assembly
- Completed reload, in  0.771 seconds
Platform modules already initialized, skipping
Refreshing native plugins compatible for Editor in 0.51 ms, found 3 plugins.
Preloading 0 native plugins for Editor in 0.00 ms.
Unloading 2087 Unused Serialized files (Serialized files now loaded: 0)
System memory in use before: 93.4 MB.
System memory in use after: 93.4 MB.

Unloading 21 unused Assets to reduce memory usage. Loaded Objects now: 2607.
Total: 1.992500 ms (FindLiveObjects: 0.195600 ms CreateObjectMapping: 0.046200 ms MarkObjects: 1.649700 ms  DeleteObjects: 0.100100 ms)

========================================================================
Received Prepare
Registering precompiled user dll's ...
Registered in 0.002922 seconds.
Begin MonoManager ReloadAssembly
Native extension for WindowsStandalone target not found
Native extension for WebGL target not found
Refreshing native plugins compatible for Editor in 0.51 ms, found 3 plugins.
Preloading 0 native plugins for Editor in 0.00 ms.
Mono: successfully reloaded assembly
- Completed reload, in  0.769 seconds
Platform modules already initialized, skipping
Refreshing native plugins compatible for Editor in 0.50 ms, found 3 plugins.
Preloading 0 native plugins for Editor in 0.00 ms.
Unloading 2087 Unused Serialized files (Serialized files now loaded: 0)
System memory in use before: 93.4 MB.
System memory in use after: 93.4 MB.

Unloading 21 unused Assets to reduce memory usage. Loaded Objects now: 2611.
Total: 2.059700 ms (FindLiveObjects: 0.203200 ms CreateObjectMapping: 0.055800 ms MarkObjects: 1.691700 ms  DeleteObjects: 0.107800 ms)

========================================================================
Received Prepare
Registering precompiled user dll's ...
Registered in 0.003005 seconds.
Begin MonoManager ReloadAssembly
Native extension for WindowsStandalone target not found
Native extension for WebGL target not found
Refreshing native plugins compatible for Editor in 0.51 ms, found 3 plugins.
Preloading 0 native plugins for Editor in 0.00 ms.
Mono: successfully reloaded assembly
- Completed reload, in  0.773 seconds
Platform modules already initialized, skipping
Refreshing native plugins compatible for Editor in 0.53 ms, found 3 plugins.
Preloading 0 native plugins for Editor in 0.00 ms.
Unloading 2087 Unused Serialized files (Serialized files now loaded: 0)
System memory in use before: 93.4 MB.
System memory in use after: 93.4 MB.

Unloading 21 unused Assets to reduce memory usage. Loaded Objects now: 2615.
Total: 2.019800 ms (FindLiveObjects: 0.203000 ms CreateObjectMapping: 0.047000 ms MarkObjects: 1.667100 ms  DeleteObjects: 0.101600 ms)

========================================================================
Received Prepare
Registering precompiled user dll's ...
Registered in 0.003019 seconds.
Begin MonoManager ReloadAssembly
Native extension for WindowsStandalone target not found
Native extension for WebGL target not found
Refreshing native plugins compatible for Editor in 0.51 ms, found 3 plugins.
Preloading 0 native plugins for Editor in 0.00 ms.
Mono: successfully reloaded assembly
- Completed reload, in  0.765 seconds
Platform modules already initialized, skipping
Refreshing native plugins compatible for Editor in 0.56 ms, found 3 plugins.
Preloading 0 native plugins for Editor in 0.00 ms.
Unloading 2087 Unused Serialized files (Serialized files now loaded: 0)
System memory in use before: 93.4 MB.
System memory in use after: 93.4 MB.

Unloading 21 unused Assets to reduce memory usage. Loaded Objects now: 2619.
Total: 2.119800 ms (FindLiveObjects: 0.228700 ms CreateObjectMapping: 0.058500 ms MarkObjects: 1.696500 ms  DeleteObjects: 0.135400 ms)

========================================================================
Received Prepare
Registering precompiled user dll's ...
Registered in 0.002904 seconds.
Begin MonoManager ReloadAssembly
Native extension for WindowsStandalone target not found
Native extension for WebGL target not found
Refreshing native plugins compatible for Editor in 0.51 ms, found 3 plugins.
Preloading 0 native plugins for Editor in 0.00 ms.
Mono: successfully reloaded assembly
- Completed reload, in  0.773 seconds
Platform modules already initialized, skipping
Refreshing native plugins compatible for Editor in 0.51 ms, found 3 plugins.
Preloading 0 native plugins for Editor in 0.00 ms.
Unloading 2087 Unused Serialized files (Serialized files now loaded: 0)
System memory in use before: 93.4 MB.
System memory in use after: 93.4 MB.

Unloading 21 unused Assets to reduce memory usage. Loaded Objects now: 2623.
Total: 2.038500 ms (FindLiveObjects: 0.205500 ms CreateObjectMapping: 0.047700 ms MarkObjects: 1.682200 ms  DeleteObjects: 0.102200 ms)

========================================================================
Received Prepare
Registering precompiled user dll's ...
Registered in 0.002873 seconds.
Begin MonoManager ReloadAssembly
Native extension for WindowsStandalone target not found
Native extension for WebGL target not found
Refreshing native plugins compatible for Editor in 0.43 ms, found 3 plugins.
Preloading 0 native plugins for Editor in 0.00 ms.
Mono: successfully reloaded assembly
- Completed reload, in  0.770 seconds
Platform modules already initialized, skipping
Refreshing native plugins compatible for Editor in 0.51 ms, found 3 plugins.
Preloading 0 native plugins for Editor in 0.00 ms.
Unloading 2087 Unused Serialized files (Serialized files now loaded: 0)
System memory in use before: 93.5 MB.
System memory in use after: 93.4 MB.

Unloading 21 unused Assets to reduce memory usage. Loaded Objects now: 2627.
Total: 2.015500 ms (FindLiveObjects: 0.199300 ms CreateObjectMapping: 0.046300 ms MarkObjects: 1.669500 ms  DeleteObjects: 0.099600 ms)

========================================================================
Received Prepare
Registering precompiled user dll's ...
Registered in 0.003057 seconds.
Begin MonoManager ReloadAssembly
Native extension for WindowsStandalone target not found
Native extension for WebGL target not found
Refreshing native plugins compatible for Editor in 0.50 ms, found 3 plugins.
Preloading 0 native plugins for Editor in 0.00 ms.
Mono: successfully reloaded assembly
- Completed reload, in  0.771 seconds
Platform modules already initialized, skipping
Refreshing native plugins compatible for Editor in 0.51 ms, found 3 plugins.
Preloading 0 native plugins for Editor in 0.00 ms.
Unloading 2087 Unused Serialized files (Serialized files now loaded: 0)
System memory in use before: 93.5 MB.
System memory in use after: 93.4 MB.

Unloading 21 unused Assets to reduce memory usage. Loaded Objects now: 2631.
Total: 2.023000 ms (FindLiveObjects: 0.201300 ms CreateObjectMapping: 0.047400 ms MarkObjects: 1.674400 ms  DeleteObjects: 0.099200 ms)

========================================================================
Received Prepare
Registering precompiled user dll's ...
Registered in 0.002975 seconds.
Begin MonoManager ReloadAssembly
Native extension for WindowsStandalone target not found
Native extension for WebGL target not found
Refreshing native plugins compatible for Editor in 0.50 ms, found 3 plugins.
Preloading 0 native plugins for Editor in 0.00 ms.
Mono: successfully reloaded assembly
- Completed reload, in  0.774 seconds
Platform modules already initialized, skipping
Refreshing native plugins compatible for Editor in 0.50 ms, found 3 plugins.
Preloading 0 native plugins for Editor in 0.00 ms.
Unloading 2087 Unused Serialized files (Serialized files now loaded: 0)
System memory in use before: 93.5 MB.
System memory in use after: 93.5 MB.

Unloading 21 unused Assets to reduce memory usage. Loaded Objects now: 2635.
Total: 2.006600 ms (FindLiveObjects: 0.203600 ms CreateObjectMapping: 0.046500 ms MarkObjects: 1.651500 ms  DeleteObjects: 0.103900 ms)

========================================================================
Received Prepare
Registering precompiled user dll's ...
Registered in 0.003001 seconds.
Begin MonoManager ReloadAssembly
Native extension for WindowsStandalone target not found
Native extension for WebGL target not found
Refreshing native plugins compatible for Editor in 0.51 ms, found 3 plugins.
Preloading 0 native plugins for Editor in 0.00 ms.
Mono: successfully reloaded assembly
- Completed reload, in  0.775 seconds
Platform modules already initialized, skipping
Refreshing native plugins compatible for Editor in 0.51 ms, found 3 plugins.
Preloading 0 native plugins for Editor in 0.00 ms.
Unloading 2087 Unused Serialized files (Serialized files now loaded: 0)
System memory in use before: 93.5 MB.
System memory in use after: 93.5 MB.

Unloading 21 unused Assets to reduce memory usage. Loaded Objects now: 2639.
Total: 2.009600 ms (FindLiveObjects: 0.197100 ms CreateObjectMapping: 0.046800 ms MarkObjects: 1.665500 ms  DeleteObjects: 0.099300 ms)

========================================================================
Received Prepare
Registering precompiled user dll's ...
Registered in 0.002959 seconds.
Begin MonoManager ReloadAssembly
Native extension for WindowsStandalone target not found
Native extension for WebGL target not found
Refreshing native plugins compatible for Editor in 0.51 ms, found 3 plugins.
Preloading 0 native plugins for Editor in 0.00 ms.
Mono: successfully reloaded assembly
- Completed reload, in  0.766 seconds
Platform modules already initialized, skipping
Refreshing native plugins compatible for Editor in 0.54 ms, found 3 plugins.
Preloading 0 native plugins for Editor in 0.00 ms.
Unloading 2087 Unused Serialized files (Serialized files now loaded: 0)
System memory in use before: 93.5 MB.
System memory in use after: 93.5 MB.

Unloading 21 unused Assets to reduce memory usage. Loaded Objects now: 2643.
Total: 2.016200 ms (FindLiveObjects: 0.201700 ms CreateObjectMapping: 0.046300 ms MarkObjects: 1.666500 ms  DeleteObjects: 0.100800 ms)

========================================================================
Received Prepare
Registering precompiled user dll's ...
Registered in 0.002952 seconds.
Begin MonoManager ReloadAssembly
Native extension for WindowsStandalone target not found
Native extension for WebGL target not found
Refreshing native plugins compatible for Editor in 0.50 ms, found 3 plugins.
Preloading 0 native plugins for Editor in 0.00 ms.
Mono: successfully reloaded assembly
- Completed reload, in  0.761 seconds
Platform modules already initialized, skipping
Refreshing native plugins compatible for Editor in 0.50 ms, found 3 plugins.
Preloading 0 native plugins for Editor in 0.00 ms.
Unloading 2087 Unused Serialized files (Serialized files now loaded: 0)
System memory in use before: 93.5 MB.
System memory in use after: 93.5 MB.

Unloading 21 unused Assets to reduce memory usage. Loaded Objects now: 2647.
Total: 1.996700 ms (FindLiveObjects: 0.199000 ms CreateObjectMapping: 0.046600 ms MarkObjects: 1.650700 ms  DeleteObjects: 0.099600 ms)

========================================================================
Received Prepare
Registering precompiled user dll's ...
Registered in 0.003064 seconds.
Begin MonoManager ReloadAssembly
Native extension for WindowsStandalone target not found
Native extension for WebGL target not found
Refreshing native plugins compatible for Editor in 0.45 ms, found 3 plugins.
Preloading 0 native plugins for Editor in 0.00 ms.
Mono: successfully reloaded assembly
- Completed reload, in  0.765 seconds
Platform modules already initialized, skipping
Refreshing native plugins compatible for Editor in 0.53 ms, found 3 plugins.
Preloading 0 native plugins for Editor in 0.00 ms.
Unloading 2087 Unused Serialized files (Serialized files now loaded: 0)
System memory in use before: 93.5 MB.
System memory in use after: 93.5 MB.

Unloading 21 unused Assets to reduce memory usage. Loaded Objects now: 2651.
Total: 2.028600 ms (FindLiveObjects: 0.197600 ms CreateObjectMapping: 0.046800 ms MarkObjects: 1.685200 ms  DeleteObjects: 0.098300 ms)

========================================================================
Received Prepare
Registering precompiled user dll's ...
Registered in 0.003206 seconds.
Begin MonoManager ReloadAssembly
Native extension for WindowsStandalone target not found
Native extension for WebGL target not found
Refreshing native plugins compatible for Editor in 0.48 ms, found 3 plugins.
Preloading 0 native plugins for Editor in 0.00 ms.
Mono: successfully reloaded assembly
- Completed reload, in  0.768 seconds
Platform modules already initialized, skipping
Refreshing native plugins compatible for Editor in 0.51 ms, found 3 plugins.
Preloading 0 native plugins for Editor in 0.00 ms.
Unloading 2087 Unused Serialized files (Serialized files now loaded: 0)
System memory in use before: 93.5 MB.
System memory in use after: 93.5 MB.

Unloading 21 unused Assets to reduce memory usage. Loaded Objects now: 2655.
Total: 2.053700 ms (FindLiveObjects: 0.204100 ms CreateObjectMapping: 0.048000 ms MarkObjects: 1.703300 ms  DeleteObjects: 0.097400 ms)

========================================================================
Received Prepare
Registering precompiled user dll's ...
Registered in 0.003080 seconds.
Begin MonoManager ReloadAssembly
Native extension for WindowsStandalone target not found
Native extension for WebGL target not found
Refreshing native plugins compatible for Editor in 0.51 ms, found 3 plugins.
Preloading 0 native plugins for Editor in 0.00 ms.
Mono: successfully reloaded assembly
- Completed reload, in  0.790 seconds
Platform modules already initialized, skipping
Refreshing native plugins compatible for Editor in 0.50 ms, found 3 plugins.
Preloading 0 native plugins for Editor in 0.00 ms.
Unloading 2087 Unused Serialized files (Serialized files now loaded: 0)
System memory in use before: 93.5 MB.
System memory in use after: 93.5 MB.

Unloading 21 unused Assets to reduce memory usage. Loaded Objects now: 2659.
Total: 2.012000 ms (FindLiveObjects: 0.198500 ms CreateObjectMapping: 0.047200 ms MarkObjects: 1.668200 ms  DeleteObjects: 0.097400 ms)

========================================================================
Received Prepare
Registering precompiled user dll's ...
Registered in 0.002919 seconds.
Begin MonoManager ReloadAssembly
Native extension for WindowsStandalone target not found
Native extension for WebGL target not found
Refreshing native plugins compatible for Editor in 0.52 ms, found 3 plugins.
Preloading 0 native plugins for Editor in 0.00 ms.
Mono: successfully reloaded assembly
- Completed reload, in  0.771 seconds
Platform modules already initialized, skipping
Refreshing native plugins compatible for Editor in 0.53 ms, found 3 plugins.
Preloading 0 native plugins for Editor in 0.00 ms.
Unloading 2087 Unused Serialized files (Serialized files now loaded: 0)
System memory in use before: 93.5 MB.
System memory in use after: 93.5 MB.

Unloading 21 unused Assets to reduce memory usage. Loaded Objects now: 2663.
Total: 2.050100 ms (FindLiveObjects: 0.213300 ms CreateObjectMapping: 0.048400 ms MarkObjects: 1.688100 ms  DeleteObjects: 0.099500 ms)

========================================================================
Received Prepare
Registering precompiled user dll's ...
Registered in 0.002914 seconds.
Begin MonoManager ReloadAssembly
Native extension for WindowsStandalone target not found
Native extension for WebGL target not found
Refreshing native plugins compatible for Editor in 0.42 ms, found 3 plugins.
Preloading 0 native plugins for Editor in 0.00 ms.
Mono: successfully reloaded assembly
- Completed reload, in  0.768 seconds
Platform modules already initialized, skipping
Refreshing native plugins compatible for Editor in 0.51 ms, found 3 plugins.
Preloading 0 native plugins for Editor in 0.00 ms.
Unloading 2087 Unused Serialized files (Serialized files now loaded: 0)
System memory in use before: 93.5 MB.
System memory in use after: 93.5 MB.

Unloading 21 unused Assets to reduce memory usage. Loaded Objects now: 2667.
Total: 2.221500 ms (FindLiveObjects: 0.285900 ms CreateObjectMapping: 0.060200 ms MarkObjects: 1.769200 ms  DeleteObjects: 0.105100 ms)

========================================================================
Received Prepare
Registering precompiled user dll's ...
Registered in 0.002928 seconds.
Begin MonoManager ReloadAssembly
Native extension for WindowsStandalone target not found
Native extension for WebGL target not found
Refreshing native plugins compatible for Editor in 0.52 ms, found 3 plugins.
Preloading 0 native plugins for Editor in 0.00 ms.
Mono: successfully reloaded assembly
- Completed reload, in  0.774 seconds
Platform modules already initialized, skipping
Refreshing native plugins compatible for Editor in 0.50 ms, found 3 plugins.
Preloading 0 native plugins for Editor in 0.00 ms.
Unloading 2087 Unused Serialized files (Serialized files now loaded: 0)
System memory in use before: 93.6 MB.
System memory in use after: 93.5 MB.

Unloading 21 unused Assets to reduce memory usage. Loaded Objects now: 2671.
Total: 2.046800 ms (FindLiveObjects: 0.199400 ms CreateObjectMapping: 0.049200 ms MarkObjects: 1.694000 ms  DeleteObjects: 0.103200 ms)

========================================================================
Received Prepare
Registering precompiled user dll's ...
Registered in 0.002895 seconds.
Begin MonoManager ReloadAssembly
Native extension for WindowsStandalone target not found
Native extension for WebGL target not found
Refreshing native plugins compatible for Editor in 0.49 ms, found 3 plugins.
Preloading 0 native plugins for Editor in 0.00 ms.
Mono: successfully reloaded assembly
- Completed reload, in  0.785 seconds
Platform modules already initialized, skipping
Refreshing native plugins compatible for Editor in 0.51 ms, found 3 plugins.
Preloading 0 native plugins for Editor in 0.00 ms.
Unloading 2087 Unused Serialized files (Serialized files now loaded: 0)
System memory in use before: 93.6 MB.
System memory in use after: 93.5 MB.

Unloading 21 unused Assets to reduce memory usage. Loaded Objects now: 2675.
Total: 2.049200 ms (FindLiveObjects: 0.212400 ms CreateObjectMapping: 0.052100 ms MarkObjects: 1.676900 ms  DeleteObjects: 0.107100 ms)

========================================================================
Received Prepare
Registering precompiled user dll's ...
Registered in 0.003079 seconds.
Begin MonoManager ReloadAssembly
Native extension for WindowsStandalone target not found
Native extension for WebGL target not found
Refreshing native plugins compatible for Editor in 0.51 ms, found 3 plugins.
Preloading 0 native plugins for Editor in 0.00 ms.
Mono: successfully reloaded assembly
- Completed reload, in  0.773 seconds
Platform modules already initialized, skipping
Refreshing native plugins compatible for Editor in 0.51 ms, found 3 plugins.
Preloading 0 native plugins for Editor in 0.00 ms.
Unloading 2087 Unused Serialized files (Serialized files now loaded: 0)
System memory in use before: 93.6 MB.
System memory in use after: 93.6 MB.

Unloading 21 unused Assets to reduce memory usage. Loaded Objects now: 2679.
Total: 2.017300 ms (FindLiveObjects: 0.201100 ms CreateObjectMapping: 0.047600 ms MarkObjects: 1.664300 ms  DeleteObjects: 0.103300 ms)

========================================================================
Received Import Request.
  Time since last request: 6309.764294 seconds.
  path: Assets/2D Platformer Assets/Audio/Sound Effects
  artifactKey: Guid(3dc2448a6e5076340a8afb7750eae545) Importer(815301076,1909f56bfc062723c751e8b465ee728b)
Start importing Assets/2D Platformer Assets/Audio/Sound Effects using Guid(3dc2448a6e5076340a8afb7750eae545) Importer(815301076,1909f56bfc062723c751e8b465ee728b)  -> (artifact id: 'c2719a0e1181b2bb5cd40174ec8b2abf') in 0.010542 seconds
  Import took 0.014017 seconds .

========================================================================
Received Import Request.
  Time since last request: 0.040727 seconds.
  path: Assets/2D Platformer Assets/Audio/Sound Effects/Boss Hit.wav
  artifactKey: Guid(ee289ae1d683aeb47809616bd545321f) Importer(815301076,1909f56bfc062723c751e8b465ee728b)
Start importing Assets/2D Platformer Assets/Audio/Sound Effects/Boss Hit.wav using Guid(ee289ae1d683aeb47809616bd545321f) Importer(815301076,1909f56bfc062723c751e8b465ee728b)  -> (artifact id: '094d7e310eaada4f7866b131404fa11d') in 0.111158 seconds
  Import took 0.114262 seconds .

========================================================================
Received Import Request.
  Time since last request: 0.000172 seconds.
  path: Assets/2D Platformer Assets/Audio/Sound Effects/Boss Impact.wav
  artifactKey: Guid(93f3bffd5325acf418af5e9ef0c65633) Importer(815301076,1909f56bfc062723c751e8b465ee728b)
Start importing Assets/2D Platformer Assets/Audio/Sound Effects/Boss Impact.wav using Guid(93f3bffd5325acf418af5e9ef0c65633) Importer(815301076,1909f56bfc062723c751e8b465ee728b)  -> (artifact id: '32e210ec9dbbcfdfe6802c43dd6892e7') in 0.014334 seconds
  Import took 0.017107 seconds .

========================================================================
Received Import Request.
  Time since last request: 0.000147 seconds.
  path: Assets/2D Platformer Assets/Audio/Sound Effects/Enemy Explode.wav
  artifactKey: Guid(dc40711d94f1bcf42988f2befb22119b) Importer(815301076,1909f56bfc062723c751e8b465ee728b)
Start importing Assets/2D Platformer Assets/Audio/Sound Effects/Enemy Explode.wav using Guid(dc40711d94f1bcf42988f2befb22119b) Importer(815301076,1909f56bfc062723c751e8b465ee728b)  -> (artifact id: 'f66db806e25a9058f651a1017daf45c4') in 0.012744 seconds
  Import took 0.015745 seconds .

========================================================================
Received Import Request.
  Time since last request: 0.000144 seconds.
  path: Assets/2D Platformer Assets/Audio/Sound Effects/Player Jump.wav
  artifactKey: Guid(f62b85f9911a2e940a860a168aa83329) Importer(815301076,1909f56bfc062723c751e8b465ee728b)
Start importing Assets/2D Platformer Assets/Audio/Sound Effects/Player Jump.wav using Guid(f62b85f9911a2e940a860a168aa83329) Importer(815301076,1909f56bfc062723c751e8b465ee728b)  -> (artifact id: '8383875f3edd240afd5b12d1a7fe0379') in 0.013469 seconds
  Import took 0.016202 seconds .

========================================================================
Received Import Request.
  Time since last request: 0.000166 seconds.
  path: Assets/2D Platformer Assets/Audio/Sound Effects/Boss Shot.wav
  artifactKey: Guid(b82fcf2db2812204c85407eec15f8328) Importer(815301076,1909f56bfc062723c751e8b465ee728b)
Start importing Assets/2D Platformer Assets/Audio/Sound Effects/Boss Shot.wav using Guid(b82fcf2db2812204c85407eec15f8328) Importer(815301076,1909f56bfc062723c751e8b465ee728b)  -> (artifact id: '79dcc230c14fb87ebdc7490d035e0641') in 0.013175 seconds
  Import took 0.015900 seconds .

========================================================================
Received Import Request.
  Time since last request: 0.000155 seconds.
  path: Assets/2D Platformer Assets/Audio/Sound Effects/Player Death.wav
  artifactKey: Guid(f7faa367df8ac0c47bb04fc0fa499e74) Importer(815301076,1909f56bfc062723c751e8b465ee728b)
Start importing Assets/2D Platformer Assets/Audio/Sound Effects/Player Death.wav using Guid(f7faa367df8ac0c47bb04fc0fa499e74) Importer(815301076,1909f56bfc062723c751e8b465ee728b)  -> (artifact id: 'dfd2d736594031a98d41b57c5072c791') in 0.012708 seconds
  Import took 0.015619 seconds .

========================================================================
Received Import Request.
  Time since last request: 0.000181 seconds.
  path: Assets/2D Platformer Assets/Audio/Sound Effects/Pickup Gem.wav
  artifactKey: Guid(cc90dc27dc00d9d488db4c35489dcd18) Importer(815301076,1909f56bfc062723c751e8b465ee728b)
Start importing Assets/2D Platformer Assets/Audio/Sound Effects/Pickup Gem.wav using Guid(cc90dc27dc00d9d488db4c35489dcd18) Importer(815301076,1909f56bfc062723c751e8b465ee728b)  -> (artifact id: '244e49ec72c037fca78f2da1b1de4c67') in 0.013654 seconds
  Import took 0.016363 seconds .

========================================================================
Received Import Request.
  Time since last request: 0.000166 seconds.
  path: Assets/2D Platformer Assets/Audio/Sound Effects/Player Hurt.wav
  artifactKey: Guid(a39f2fa37f465714990e379c544d66ba) Importer(815301076,1909f56bfc062723c751e8b465ee728b)
Start importing Assets/2D Platformer Assets/Audio/Sound Effects/Player Hurt.wav using Guid(a39f2fa37f465714990e379c544d66ba) Importer(815301076,1909f56bfc062723c751e8b465ee728b)  -> (artifact id: '4463d6c25d3192204a1bb96305373b3c') in 0.013431 seconds
  Import took 0.016154 seconds .

========================================================================
Received Import Request.
  Time since last request: 0.000216 seconds.
  path: Assets/2D Platformer Assets/Audio/Sound Effects/Level Selected.wav
  artifactKey: Guid(ecf58a5c7d2791f4997eabc8fb3e355b) Importer(815301076,1909f56bfc062723c751e8b465ee728b)
Start importing Assets/2D Platformer Assets/Audio/Sound Effects/Level Selected.wav using Guid(ecf58a5c7d2791f4997eabc8fb3e355b) Importer(815301076,1909f56bfc062723c751e8b465ee728b)  -> (artifact id: 'd9f6dd8ce9c39bcd155dabce772a348c') in 0.012368 seconds
  Import took 0.015472 seconds .

========================================================================
Received Import Request.
  Time since last request: 0.000150 seconds.
  path: Assets/2D Platformer Assets/Audio/Sound Effects/Map Movement.wav
  artifactKey: Guid(79885f87faa9e424e802f7a808b64aa4) Importer(815301076,1909f56bfc062723c751e8b465ee728b)
Start importing Assets/2D Platformer Assets/Audio/Sound Effects/Map Movement.wav using Guid(79885f87faa9e424e802f7a808b64aa4) Importer(815301076,1909f56bfc062723c751e8b465ee728b)  -> (artifact id: 'e586bbb7e44ab3155a2f412458917f12') in 0.012796 seconds
  Import took 0.015463 seconds .

========================================================================
Received Import Request.
  Time since last request: 0.000150 seconds.
  path: Assets/2D Platformer Assets/Audio/Sound Effects/Pickup Health.wav
  artifactKey: Guid(00eaa619228f92c4f8cf7f71aff094da) Importer(815301076,1909f56bfc062723c751e8b465ee728b)
Start importing Assets/2D Platformer Assets/Audio/Sound Effects/Pickup Health.wav using Guid(00eaa619228f92c4f8cf7f71aff094da) Importer(815301076,1909f56bfc062723c751e8b465ee728b)  -> (artifact id: 'cced1a92e49c4b73e596a6fd65cfe033') in 0.012088 seconds
  Import took 0.014797 seconds .

========================================================================
Received Import Request.
  Time since last request: 0.000148 seconds.
  path: Assets/2D Platformer Assets/Audio/Sound Effects/Warp Jingle.wav
  artifactKey: Guid(354a0e65ffdcc384192c4fb397a1373c) Importer(815301076,1909f56bfc062723c751e8b465ee728b)
Start importing Assets/2D Platformer Assets/Audio/Sound Effects/Warp Jingle.wav using Guid(354a0e65ffdcc384192c4fb397a1373c) Importer(815301076,1909f56bfc062723c751e8b465ee728b)  -> (artifact id: '56ca725c1ceb3ec12b660ebedbf050c9') in 0.011355 seconds
  Import took 0.014006 seconds .

========================================================================
Received Import Request.
  Time since last request: 54.052878 seconds.
  path: Assets/2D Platformer Assets/Scripts/AudioManager.cs
  artifactKey: Guid(543427358bc63b14985eb076f5a29bff) Importer(815301076,1909f56bfc062723c751e8b465ee728b)
Start importing Assets/2D Platformer Assets/Scripts/AudioManager.cs using Guid(543427358bc63b14985eb076f5a29bff) Importer(815301076,1909f56bfc062723c751e8b465ee728b)  -> (artifact id: 'e57c4fe23e59fb4c8cd9aac4f2ceaf98') in 0.004686 seconds
  Import took 0.007775 seconds .

========================================================================
Received Prepare
Registering precompiled user dll's ...
Registered in 0.134151 seconds.
Begin MonoManager ReloadAssembly
Native extension for WindowsStandalone target not found
Native extension for WebGL target not found
Refreshing native plugins compatible for Editor in 0.51 ms, found 3 plugins.
Preloading 0 native plugins for Editor in 0.00 ms.
Mono: successfully reloaded assembly
- Completed reload, in  0.849 seconds
Platform modules already initialized, skipping
Refreshing native plugins compatible for Editor in 0.52 ms, found 3 plugins.
Preloading 0 native plugins for Editor in 0.00 ms.
Unloading 2088 Unused Serialized files (Serialized files now loaded: 0)
System memory in use before: 96.6 MB.
System memory in use after: 96.6 MB.

Unloading 21 unused Assets to reduce memory usage. Loaded Objects now: 2693.
Total: 2.102500 ms (FindLiveObjects: 0.213100 ms CreateObjectMapping: 0.044500 ms MarkObjects: 1.743200 ms  DeleteObjects: 0.100900 ms)

========================================================================
Received Import Request.
  Time since last request: 67.727598 seconds.
  path: Assets/2D Platformer Assets/Scripts/AudioManager.cs
  artifactKey: Guid(543427358bc63b14985eb076f5a29bff) Importer(815301076,1909f56bfc062723c751e8b465ee728b)
Start importing Assets/2D Platformer Assets/Scripts/AudioManager.cs using Guid(543427358bc63b14985eb076f5a29bff) Importer(815301076,1909f56bfc062723c751e8b465ee728b)  -> (artifact id: '5b6a55c83ae13e1ab44b7068dcd494ee') in 0.007268 seconds
  Import took 0.010145 seconds .

========================================================================
Received Prepare
Registering precompiled user dll's ...
Registered in 0.003083 seconds.
Begin MonoManager ReloadAssembly
Native extension for WindowsStandalone target not found
Native extension for WebGL target not found
Refreshing native plugins compatible for Editor in 0.51 ms, found 3 plugins.
Preloading 0 native plugins for Editor in 0.00 ms.
Mono: successfully reloaded assembly
- Completed reload, in  0.781 seconds
Platform modules already initialized, skipping
Refreshing native plugins compatible for Editor in 0.56 ms, found 3 plugins.
Preloading 0 native plugins for Editor in 0.00 ms.
Unloading 2088 Unused Serialized files (Serialized files now loaded: 0)
System memory in use before: 96.6 MB.
System memory in use after: 96.6 MB.

Unloading 21 unused Assets to reduce memory usage. Loaded Objects now: 2697.
Total: 2.145700 ms (FindLiveObjects: 0.237500 ms CreateObjectMapping: 0.051100 ms MarkObjects: 1.747100 ms  DeleteObjects: 0.109000 ms)

========================================================================
Received Import Request.
  Time since last request: 99.119595 seconds.
  path: Assets/2D Platformer Assets/Scripts/AudioManager.cs
  artifactKey: Guid(543427358bc63b14985eb076f5a29bff) Importer(815301076,1909f56bfc062723c751e8b465ee728b)
Start importing Assets/2D Platformer Assets/Scripts/AudioManager.cs using Guid(543427358bc63b14985eb076f5a29bff) Importer(815301076,1909f56bfc062723c751e8b465ee728b)  -> (artifact id: '9d7fcb1041e805b51fb9f6c1b1734c70') in 0.004732 seconds
  Import took 0.007735 seconds .

========================================================================
Received Prepare
Registering precompiled user dll's ...
Registered in 0.003146 seconds.
Begin MonoManager ReloadAssembly
Native extension for WindowsStandalone target not found
Native extension for WebGL target not found
Refreshing native plugins compatible for Editor in 0.51 ms, found 3 plugins.
Preloading 0 native plugins for Editor in 0.00 ms.
Mono: successfully reloaded assembly
- Completed reload, in  0.771 seconds
Platform modules already initialized, skipping
Refreshing native plugins compatible for Editor in 0.53 ms, found 3 plugins.
Preloading 0 native plugins for Editor in 0.00 ms.
Unloading 2088 Unused Serialized files (Serialized files now loaded: 0)
System memory in use before: 96.6 MB.
System memory in use after: 96.6 MB.

Unloading 21 unused Assets to reduce memory usage. Loaded Objects now: 2701.
Total: 2.051900 ms (FindLiveObjects: 0.208800 ms CreateObjectMapping: 0.049000 ms MarkObjects: 1.683900 ms  DeleteObjects: 0.109400 ms)

========================================================================
Received Import Request.
  Time since last request: 295.684045 seconds.
  path: Assets/2D Platformer Assets/Scripts/AudioManager.cs
  artifactKey: Guid(543427358bc63b14985eb076f5a29bff) Importer(815301076,1909f56bfc062723c751e8b465ee728b)
Start importing Assets/2D Platformer Assets/Scripts/AudioManager.cs using Guid(543427358bc63b14985eb076f5a29bff) Importer(815301076,1909f56bfc062723c751e8b465ee728b)  -> (artifact id: 'bd8a60ceaeadeabb02442a72012eb474') in 0.004560 seconds
  Import took 0.007241 seconds .

========================================================================
Received Prepare
Registering precompiled user dll's ...
Registered in 0.003028 seconds.
Begin MonoManager ReloadAssembly
Native extension for WindowsStandalone target not found
Native extension for WebGL target not found
Refreshing native plugins compatible for Editor in 0.50 ms, found 3 plugins.
Preloading 0 native plugins for Editor in 0.00 ms.
Mono: successfully reloaded assembly
- Completed reload, in  0.786 seconds
Platform modules already initialized, skipping
Refreshing native plugins compatible for Editor in 0.52 ms, found 3 plugins.
Preloading 0 native plugins for Editor in 0.00 ms.
Unloading 2088 Unused Serialized files (Serialized files now loaded: 0)
System memory in use before: 96.6 MB.
System memory in use after: 96.6 MB.

Unloading 21 unused Assets to reduce memory usage. Loaded Objects now: 2705.
Total: 2.069900 ms (FindLiveObjects: 0.206200 ms CreateObjectMapping: 0.047700 ms MarkObjects: 1.709500 ms  DeleteObjects: 0.105500 ms)

========================================================================
Received Prepare
Registering precompiled user dll's ...
Registered in 0.003037 seconds.
Begin MonoManager ReloadAssembly
Native extension for WindowsStandalone target not found
Native extension for WebGL target not found
Refreshing native plugins compatible for Editor in 0.50 ms, found 3 plugins.
Preloading 0 native plugins for Editor in 0.00 ms.
Mono: successfully reloaded assembly
- Completed reload, in  0.771 seconds
Platform modules already initialized, skipping
Refreshing native plugins compatible for Editor in 0.51 ms, found 3 plugins.
Preloading 0 native plugins for Editor in 0.00 ms.
Unloading 2088 Unused Serialized files (Serialized files now loaded: 0)
System memory in use before: 96.7 MB.
System memory in use after: 96.7 MB.

Unloading 21 unused Assets to reduce memory usage. Loaded Objects now: 2709.
Total: 2.075900 ms (FindLiveObjects: 0.231800 ms CreateObjectMapping: 0.047600 ms MarkObjects: 1.697900 ms  DeleteObjects: 0.097700 ms)

========================================================================
Received Prepare
Registering precompiled user dll's ...
Registered in 0.003143 seconds.
Begin MonoManager ReloadAssembly
Native extension for WindowsStandalone target not found
Native extension for WebGL target not found
Refreshing native plugins compatible for Editor in 0.52 ms, found 3 plugins.
Preloading 0 native plugins for Editor in 0.00 ms.
Mono: successfully reloaded assembly
- Completed reload, in  0.795 seconds
Platform modules already initialized, skipping
Refreshing native plugins compatible for Editor in 0.53 ms, found 3 plugins.
Preloading 0 native plugins for Editor in 0.00 ms.
Unloading 2088 Unused Serialized files (Serialized files now loaded: 0)
System memory in use before: 96.7 MB.
System memory in use after: 96.7 MB.

Unloading 21 unused Assets to reduce memory usage. Loaded Objects now: 2713.
Total: 2.122500 ms (FindLiveObjects: 0.238000 ms CreateObjectMapping: 0.047700 ms MarkObjects: 1.734100 ms  DeleteObjects: 0.101700 ms)

========================================================================
Received Prepare
Registering precompiled user dll's ...
Registered in 0.003111 seconds.
Begin MonoManager ReloadAssembly
Native extension for WindowsStandalone target not found
Native extension for WebGL target not found
Refreshing native plugins compatible for Editor in 0.54 ms, found 3 plugins.
Preloading 0 native plugins for Editor in 0.00 ms.
Mono: successfully reloaded assembly
- Completed reload, in  0.785 seconds
Platform modules already initialized, skipping
Refreshing native plugins compatible for Editor in 0.51 ms, found 3 plugins.
Preloading 0 native plugins for Editor in 0.00 ms.
Unloading 2088 Unused Serialized files (Serialized files now loaded: 0)
System memory in use before: 96.7 MB.
System memory in use after: 96.8 MB.

Unloading 21 unused Assets to reduce memory usage. Loaded Objects now: 2717.
Total: 2.071700 ms (FindLiveObjects: 0.226000 ms CreateObjectMapping: 0.052400 ms MarkObjects: 1.690000 ms  DeleteObjects: 0.102700 ms)

========================================================================
Received Prepare
Registering precompiled user dll's ...
Registered in 0.003093 seconds.
Begin MonoManager ReloadAssembly
Native extension for WindowsStandalone target not found
Native extension for WebGL target not found
Refreshing native plugins compatible for Editor in 0.49 ms, found 3 plugins.
Preloading 0 native plugins for Editor in 0.00 ms.
Mono: successfully reloaded assembly
- Completed reload, in  0.768 seconds
Platform modules already initialized, skipping
Refreshing native plugins compatible for Editor in 0.51 ms, found 3 plugins.
Preloading 0 native plugins for Editor in 0.00 ms.
Unloading 2088 Unused Serialized files (Serialized files now loaded: 0)
System memory in use before: 96.7 MB.
System memory in use after: 96.8 MB.

Unloading 21 unused Assets to reduce memory usage. Loaded Objects now: 2721.
Total: 2.061300 ms (FindLiveObjects: 0.223800 ms CreateObjectMapping: 0.052200 ms MarkObjects: 1.676800 ms  DeleteObjects: 0.107600 ms)

========================================================================
Received Prepare
Registering precompiled user dll's ...
Registered in 0.003062 seconds.
Begin MonoManager ReloadAssembly
Native extension for WindowsStandalone target not found
Native extension for WebGL target not found
Refreshing native plugins compatible for Editor in 0.49 ms, found 3 plugins.
Preloading 0 native plugins for Editor in 0.00 ms.
Mono: successfully reloaded assembly
- Completed reload, in  0.758 seconds
Platform modules already initialized, skipping
Refreshing native plugins compatible for Editor in 0.50 ms, found 3 plugins.
Preloading 0 native plugins for Editor in 0.00 ms.
Unloading 2088 Unused Serialized files (Serialized files now loaded: 0)
System memory in use before: 96.8 MB.
System memory in use after: 96.8 MB.

Unloading 21 unused Assets to reduce memory usage. Loaded Objects now: 2725.
Total: 2.085700 ms (FindLiveObjects: 0.220800 ms CreateObjectMapping: 0.053600 ms MarkObjects: 1.702900 ms  DeleteObjects: 0.107400 ms)

========================================================================
Received Prepare
Registering precompiled user dll's ...
Registered in 0.003013 seconds.
Begin MonoManager ReloadAssembly
Native extension for WindowsStandalone target not found
Native extension for WebGL target not found
Refreshing native plugins compatible for Editor in 0.50 ms, found 3 plugins.
Preloading 0 native plugins for Editor in 0.00 ms.
Mono: successfully reloaded assembly
- Completed reload, in  0.765 seconds
Platform modules already initialized, skipping
Refreshing native plugins compatible for Editor in 0.51 ms, found 3 plugins.
Preloading 0 native plugins for Editor in 0.00 ms.
Unloading 2088 Unused Serialized files (Serialized files now loaded: 0)
System memory in use before: 96.8 MB.
System memory in use after: 96.8 MB.

Unloading 21 unused Assets to reduce memory usage. Loaded Objects now: 2729.
Total: 2.085600 ms (FindLiveObjects: 0.226800 ms CreateObjectMapping: 0.053500 ms MarkObjects: 1.701400 ms  DeleteObjects: 0.103200 ms)

========================================================================
Received Prepare
Registering precompiled user dll's ...
Registered in 0.003010 seconds.
Begin MonoManager ReloadAssembly
Native extension for WindowsStandalone target not found
Native extension for WebGL target not found
Refreshing native plugins compatible for Editor in 0.51 ms, found 3 plugins.
Preloading 0 native plugins for Editor in 0.00 ms.
Mono: successfully reloaded assembly
- Completed reload, in  0.765 seconds
Platform modules already initialized, skipping
Refreshing native plugins compatible for Editor in 0.49 ms, found 3 plugins.
Preloading 0 native plugins for Editor in 0.00 ms.
Unloading 2088 Unused Serialized files (Serialized files now loaded: 0)
System memory in use before: 96.8 MB.
System memory in use after: 96.9 MB.

Unloading 21 unused Assets to reduce memory usage. Loaded Objects now: 2733.
Total: 2.071800 ms (FindLiveObjects: 0.222300 ms CreateObjectMapping: 0.052900 ms MarkObjects: 1.692100 ms  DeleteObjects: 0.103800 ms)

========================================================================
Received Prepare
Registering precompiled user dll's ...
Registered in 0.003010 seconds.
Begin MonoManager ReloadAssembly
Native extension for WindowsStandalone target not found
Native extension for WebGL target not found
Refreshing native plugins compatible for Editor in 0.50 ms, found 3 plugins.
Preloading 0 native plugins for Editor in 0.00 ms.
Mono: successfully reloaded assembly
- Completed reload, in  0.779 seconds
Platform modules already initialized, skipping
Refreshing native plugins compatible for Editor in 0.50 ms, found 3 plugins.
Preloading 0 native plugins for Editor in 0.00 ms.
Unloading 2088 Unused Serialized files (Serialized files now loaded: 0)
System memory in use before: 96.8 MB.
System memory in use after: 96.9 MB.

Unloading 21 unused Assets to reduce memory usage. Loaded Objects now: 2737.
Total: 2.089300 ms (FindLiveObjects: 0.224400 ms CreateObjectMapping: 0.054600 ms MarkObjects: 1.701500 ms  DeleteObjects: 0.107800 ms)

========================================================================
Received Prepare
Registering precompiled user dll's ...
Registered in 0.003021 seconds.
Begin MonoManager ReloadAssembly
Native extension for WindowsStandalone target not found
Native extension for WebGL target not found
Refreshing native plugins compatible for Editor in 0.51 ms, found 3 plugins.
Preloading 0 native plugins for Editor in 0.00 ms.
Mono: successfully reloaded assembly
- Completed reload, in  0.778 seconds
Platform modules already initialized, skipping
Refreshing native plugins compatible for Editor in 0.53 ms, found 3 plugins.
Preloading 0 native plugins for Editor in 0.00 ms.
Unloading 2088 Unused Serialized files (Serialized files now loaded: 0)
System memory in use before: 96.8 MB.
System memory in use after: 96.9 MB.

Unloading 21 unused Assets to reduce memory usage. Loaded Objects now: 2741.
Total: 2.156200 ms (FindLiveObjects: 0.242500 ms CreateObjectMapping: 0.055000 ms MarkObjects: 1.749700 ms  DeleteObjects: 0.108000 ms)

========================================================================
Received Prepare
Registering precompiled user dll's ...
Registered in 0.002913 seconds.
Begin MonoManager ReloadAssembly
Native extension for WindowsStandalone target not found
Native extension for WebGL target not found
Refreshing native plugins compatible for Editor in 0.51 ms, found 3 plugins.
Preloading 0 native plugins for Editor in 0.00 ms.
Mono: successfully reloaded assembly
- Completed reload, in  0.776 seconds
Platform modules already initialized, skipping
Refreshing native plugins compatible for Editor in 0.50 ms, found 3 plugins.
Preloading 0 native plugins for Editor in 0.00 ms.
Unloading 2088 Unused Serialized files (Serialized files now loaded: 0)
System memory in use before: 96.8 MB.
System memory in use after: 96.9 MB.

Unloading 21 unused Assets to reduce memory usage. Loaded Objects now: 2745.
Total: 2.067100 ms (FindLiveObjects: 0.228200 ms CreateObjectMapping: 0.053300 ms MarkObjects: 1.675200 ms  DeleteObjects: 0.109200 ms)

========================================================================
Received Prepare
Registering precompiled user dll's ...
Registered in 0.003011 seconds.
Begin MonoManager ReloadAssembly
Native extension for WindowsStandalone target not found
Native extension for WebGL target not found
Refreshing native plugins compatible for Editor in 0.52 ms, found 3 plugins.
Preloading 0 native plugins for Editor in 0.00 ms.
Mono: successfully reloaded assembly
- Completed reload, in  0.777 seconds
Platform modules already initialized, skipping
Refreshing native plugins compatible for Editor in 0.51 ms, found 3 plugins.
Preloading 0 native plugins for Editor in 0.00 ms.
Unloading 2088 Unused Serialized files (Serialized files now loaded: 0)
System memory in use before: 96.8 MB.
System memory in use after: 96.9 MB.

Unloading 21 unused Assets to reduce memory usage. Loaded Objects now: 2749.
Total: 2.104800 ms (FindLiveObjects: 0.239900 ms CreateObjectMapping: 0.053200 ms MarkObjects: 1.705200 ms  DeleteObjects: 0.105700 ms)

========================================================================
Received Import Request.
  Time since last request: 6924.867020 seconds.
  path: Assets/2D Platformer Assets/Audio/Music/Boss Battle.wav
  artifactKey: Guid(2dfafa64e9333aa42a754b34cf0840be) Importer(815301076,1909f56bfc062723c751e8b465ee728b)
Start importing Assets/2D Platformer Assets/Audio/Music/Boss Battle.wav using Guid(2dfafa64e9333aa42a754b34cf0840be) Importer(815301076,1909f56bfc062723c751e8b465ee728b)  -> (artifact id: 'eb05582a6657a1bc9d5c021aef62c616') in 0.043315 seconds
  Import took 0.047399 seconds .

========================================================================
Received Import Request.
  Time since last request: 0.000206 seconds.
  path: Assets/2D Platformer Assets/Audio/Music/Level Victory.wav
  artifactKey: Guid(2422c03ac263134479f4bd0e1bd5dd75) Importer(815301076,1909f56bfc062723c751e8b465ee728b)
Start importing Assets/2D Platformer Assets/Audio/Music/Level Victory.wav using Guid(2422c03ac263134479f4bd0e1bd5dd75) Importer(815301076,1909f56bfc062723c751e8b465ee728b)  -> (artifact id: 'b61df642a98da5a281df14a1194ebc2d') in 0.012280 seconds
  Import took 0.014887 seconds .

========================================================================
Received Import Request.
  Time since last request: 0.000166 seconds.
  path: Assets/2D Platformer Assets/Audio/Music/Game Complete.ogg
  artifactKey: Guid(faec1ff30a32ede43a9835dce197f851) Importer(815301076,1909f56bfc062723c751e8b465ee728b)
Start importing Assets/2D Platformer Assets/Audio/Music/Game Complete.ogg using Guid(faec1ff30a32ede43a9835dce197f851) Importer(815301076,1909f56bfc062723c751e8b465ee728b)  -> (artifact id: 'af3edfaccc6f607a59ea174701640569') in 0.014033 seconds
  Import took 0.016692 seconds .

========================================================================
Received Import Request.
  Time since last request: 0.000148 seconds.
  path: Assets/2D Platformer Assets/Audio/Music/Main Level.wav
  artifactKey: Guid(bfaf43c0dfe33994fa2ce257ba1e2df6) Importer(815301076,1909f56bfc062723c751e8b465ee728b)
Start importing Assets/2D Platformer Assets/Audio/Music/Main Level.wav using Guid(bfaf43c0dfe33994fa2ce257ba1e2df6) Importer(815301076,1909f56bfc062723c751e8b465ee728b)  -> (artifact id: 'e46c4835299b41d107bafefd3cac6949') in 0.012237 seconds
  Import took 0.015221 seconds .

========================================================================
Received Import Request.
  Time since last request: 0.000178 seconds.
  path: Assets/2D Platformer Assets/Audio/Music/Level Select.wav
  artifactKey: Guid(cd314f7a16f19fc44a359fdf4811fb19) Importer(815301076,1909f56bfc062723c751e8b465ee728b)
Start importing Assets/2D Platformer Assets/Audio/Music/Level Select.wav using Guid(cd314f7a16f19fc44a359fdf4811fb19) Importer(815301076,1909f56bfc062723c751e8b465ee728b)  -> (artifact id: '6e0e74e5b7e7ce28ac626b4d25143195') in 0.013630 seconds
  Import took 0.016820 seconds .

========================================================================
Received Import Request.
  Time since last request: 0.000143 seconds.
  path: Assets/2D Platformer Assets/Audio/Music/Title Screen.mp3
  artifactKey: Guid(3f623a1b7402feb4897d2903f9ff90b5) Importer(815301076,1909f56bfc062723c751e8b465ee728b)
Start importing Assets/2D Platformer Assets/Audio/Music/Title Screen.mp3 using Guid(3f623a1b7402feb4897d2903f9ff90b5) Importer(815301076,1909f56bfc062723c751e8b465ee728b)  -> (artifact id: '6533b6aab80cfa96af106c001f6e63c4') in 0.013448 seconds
  Import took 0.016331 seconds .

========================================================================
Received Prepare
Registering precompiled user dll's ...
Registered in 0.003121 seconds.
Begin MonoManager ReloadAssembly
Native extension for WindowsStandalone target not found
Native extension for WebGL target not found
Refreshing native plugins compatible for Editor in 0.51 ms, found 3 plugins.
Preloading 0 native plugins for Editor in 0.00 ms.
Mono: successfully reloaded assembly
- Completed reload, in  0.780 seconds
Platform modules already initialized, skipping
Refreshing native plugins compatible for Editor in 0.51 ms, found 3 plugins.
Preloading 0 native plugins for Editor in 0.00 ms.
Unloading 2088 Unused Serialized files (Serialized files now loaded: 0)
System memory in use before: 96.8 MB.
System memory in use after: 96.9 MB.

Unloading 21 unused Assets to reduce memory usage. Loaded Objects now: 2754.
Total: 2.120800 ms (FindLiveObjects: 0.233200 ms CreateObjectMapping: 0.052500 ms MarkObjects: 1.725100 ms  DeleteObjects: 0.109000 ms)

========================================================================
Received Prepare
Registering precompiled user dll's ...
Registered in 0.003025 seconds.
Begin MonoManager ReloadAssembly
Native extension for WindowsStandalone target not found
Native extension for WebGL target not found
Refreshing native plugins compatible for Editor in 0.53 ms, found 3 plugins.
Preloading 0 native plugins for Editor in 0.00 ms.
Mono: successfully reloaded assembly
- Completed reload, in  0.786 seconds
Platform modules already initialized, skipping
Refreshing native plugins compatible for Editor in 0.51 ms, found 3 plugins.
Preloading 0 native plugins for Editor in 0.00 ms.
Unloading 2088 Unused Serialized files (Serialized files now loaded: 0)
System memory in use before: 96.8 MB.
System memory in use after: 96.9 MB.

Unloading 21 unused Assets to reduce memory usage. Loaded Objects now: 2758.
Total: 2.161800 ms (FindLiveObjects: 0.245100 ms CreateObjectMapping: 0.053900 ms MarkObjects: 1.751100 ms  DeleteObjects: 0.111000 ms)

========================================================================
Received Import Request.
  Time since last request: 433.312055 seconds.
  path: Assets/Main Level.mixer
  artifactKey: Guid(f517794c36c69874bb5ffcea9dbfcdb1) Importer(815301076,1909f56bfc062723c751e8b465ee728b)
Start importing Assets/Main Level.mixer using Guid(f517794c36c69874bb5ffcea9dbfcdb1) Importer(815301076,1909f56bfc062723c751e8b465ee728b)  -> (artifact id: '944816cdec670257d22eae659e5a6bb7') in 0.014787 seconds
  Import took 0.018218 seconds .

========================================================================
Received Import Request.
  Time since last request: 0.002259 seconds.
  path: Assets/Main Level.mixer
  artifactKey: Guid(f517794c36c69874bb5ffcea9dbfcdb1) Importer(815301076,1909f56bfc062723c751e8b465ee728b)
Start importing Assets/Main Level.mixer using Guid(f517794c36c69874bb5ffcea9dbfcdb1) Importer(815301076,1909f56bfc062723c751e8b465ee728b)  -> (artifact id: '944816cdec670257d22eae659e5a6bb7') in 0.002262 seconds
  Import took 0.004418 seconds .

========================================================================
Received Import Request.
  Time since last request: 3.390325 seconds.
  path: Assets/Main Level.mixer
  artifactKey: Guid(f517794c36c69874bb5ffcea9dbfcdb1) Importer(815301076,1909f56bfc062723c751e8b465ee728b)
Start importing Assets/Main Level.mixer using Guid(f517794c36c69874bb5ffcea9dbfcdb1) Importer(815301076,1909f56bfc062723c751e8b465ee728b)  -> (artifact id: 'd062b089c1252c79041d88d3d7266d06') in 0.002557 seconds
  Import took 0.005573 seconds .

========================================================================
Received Import Request.
  Time since last request: 0.024717 seconds.
  path: Assets/Main Level.mixer
  artifactKey: Guid(f517794c36c69874bb5ffcea9dbfcdb1) Importer(815301076,1909f56bfc062723c751e8b465ee728b)
Start importing Assets/Main Level.mixer using Guid(f517794c36c69874bb5ffcea9dbfcdb1) Importer(815301076,1909f56bfc062723c751e8b465ee728b)  -> (artifact id: 'd062b089c1252c79041d88d3d7266d06') in 0.002299 seconds
  Import took 0.004844 seconds .

========================================================================
Received Import Request.
  Time since last request: 4.063601 seconds.
  path: Assets/Main Level.mixer
  artifactKey: Guid(f517794c36c69874bb5ffcea9dbfcdb1) Importer(815301076,1909f56bfc062723c751e8b465ee728b)
Start importing Assets/Main Level.mixer using Guid(f517794c36c69874bb5ffcea9dbfcdb1) Importer(815301076,1909f56bfc062723c751e8b465ee728b)  -> (artifact id: '431fdcf54961f2e5a880891bdcdf0e61') in 0.002378 seconds
  Import took 0.005638 seconds .

========================================================================
Received Import Request.
  Time since last request: 0.004345 seconds.
  path: Assets/Main Level.mixer
  artifactKey: Guid(f517794c36c69874bb5ffcea9dbfcdb1) Importer(815301076,1909f56bfc062723c751e8b465ee728b)
Start importing Assets/Main Level.mixer using Guid(f517794c36c69874bb5ffcea9dbfcdb1) Importer(815301076,1909f56bfc062723c751e8b465ee728b)  -> (artifact id: '431fdcf54961f2e5a880891bdcdf0e61') in 0.002353 seconds
  Import took 0.004804 seconds .

========================================================================
Received Import Request.
  Time since last request: 0.962125 seconds.
  path: Assets/Main Level.mixer
  artifactKey: Guid(f517794c36c69874bb5ffcea9dbfcdb1) Importer(815301076,1909f56bfc062723c751e8b465ee728b)
Start importing Assets/Main Level.mixer using Guid(f517794c36c69874bb5ffcea9dbfcdb1) Importer(815301076,1909f56bfc062723c751e8b465ee728b)  -> (artifact id: 'f27e0939f86e04b64b7f55803c5505dd') in 0.003130 seconds
  Import took 0.007300 seconds .

========================================================================
Received Import Request.
  Time since last request: 0.024865 seconds.
  path: Assets/Main Level.mixer
  artifactKey: Guid(f517794c36c69874bb5ffcea9dbfcdb1) Importer(815301076,1909f56bfc062723c751e8b465ee728b)
Start importing Assets/Main Level.mixer using Guid(f517794c36c69874bb5ffcea9dbfcdb1) Importer(815301076,1909f56bfc062723c751e8b465ee728b)  -> (artifact id: 'f27e0939f86e04b64b7f55803c5505dd') in 0.002211 seconds
  Import took 0.004417 seconds .

========================================================================
Received Import Request.
  Time since last request: 5.355925 seconds.
  path: Assets/Main Level.mixer
  artifactKey: Guid(f517794c36c69874bb5ffcea9dbfcdb1) Importer(815301076,1909f56bfc062723c751e8b465ee728b)
Start importing Assets/Main Level.mixer using Guid(f517794c36c69874bb5ffcea9dbfcdb1) Importer(815301076,1909f56bfc062723c751e8b465ee728b)  -> (artifact id: '37901fbbd7322f0235da7a679b43d895') in 0.002538 seconds
  Import took 0.005567 seconds .

========================================================================
Received Import Request.
  Time since last request: 0.025581 seconds.
  path: Assets/Main Level.mixer
  artifactKey: Guid(f517794c36c69874bb5ffcea9dbfcdb1) Importer(815301076,1909f56bfc062723c751e8b465ee728b)
Start importing Assets/Main Level.mixer using Guid(f517794c36c69874bb5ffcea9dbfcdb1) Importer(815301076,1909f56bfc062723c751e8b465ee728b)  -> (artifact id: '37901fbbd7322f0235da7a679b43d895') in 0.002309 seconds
  Import took 0.004565 seconds .

========================================================================
Received Import Request.
  Time since last request: 6.071766 seconds.
  path: Assets/Main Level.mixer
  artifactKey: Guid(f517794c36c69874bb5ffcea9dbfcdb1) Importer(815301076,1909f56bfc062723c751e8b465ee728b)
Start importing Assets/Main Level.mixer using Guid(f517794c36c69874bb5ffcea9dbfcdb1) Importer(815301076,1909f56bfc062723c751e8b465ee728b)  -> (artifact id: '520fb5bc2e33d248d5a3f9b072c37fec') in 0.002387 seconds
  Import took 0.005126 seconds .

========================================================================
Received Import Request.
  Time since last request: 0.005323 seconds.
  path: Assets/Main Level.mixer
  artifactKey: Guid(f517794c36c69874bb5ffcea9dbfcdb1) Importer(815301076,1909f56bfc062723c751e8b465ee728b)
Start importing Assets/Main Level.mixer using Guid(f517794c36c69874bb5ffcea9dbfcdb1) Importer(815301076,1909f56bfc062723c751e8b465ee728b)  -> (artifact id: '520fb5bc2e33d248d5a3f9b072c37fec') in 0.002129 seconds
  Import took 0.004699 seconds .

========================================================================
Received Prepare
Registering precompiled user dll's ...
Registered in 0.003034 seconds.
Begin MonoManager ReloadAssembly
Native extension for WindowsStandalone target not found
Native extension for WebGL target not found
Refreshing native plugins compatible for Editor in 0.51 ms, found 3 plugins.
Preloading 0 native plugins for Editor in 0.00 ms.
Mono: successfully reloaded assembly
- Completed reload, in  0.773 seconds
Platform modules already initialized, skipping
Refreshing native plugins compatible for Editor in 0.50 ms, found 3 plugins.
Preloading 0 native plugins for Editor in 0.00 ms.
Unloading 2088 Unused Serialized files (Serialized files now loaded: 0)
System memory in use before: 96.9 MB.
System memory in use after: 96.9 MB.

Unloading 21 unused Assets to reduce memory usage. Loaded Objects now: 2762.
Total: 2.098800 ms (FindLiveObjects: 0.228800 ms CreateObjectMapping: 0.053500 ms MarkObjects: 1.712200 ms  DeleteObjects: 0.103500 ms)

========================================================================
Received Import Request.
  Time since last request: 110.427899 seconds.
  path: Assets/Main Level.mixer
  artifactKey: Guid(f517794c36c69874bb5ffcea9dbfcdb1) Importer(815301076,1909f56bfc062723c751e8b465ee728b)
Start importing Assets/Main Level.mixer using Guid(f517794c36c69874bb5ffcea9dbfcdb1) Importer(815301076,1909f56bfc062723c751e8b465ee728b)  -> (artifact id: '16499a48d8e70bfa69c2c57edaa279ee') in 0.011329 seconds
  Import took 0.015741 seconds .

========================================================================
Received Prepare
Registering precompiled user dll's ...
Registered in 0.002957 seconds.
Begin MonoManager ReloadAssembly
Native extension for WindowsStandalone target not found
Native extension for WebGL target not found
Refreshing native plugins compatible for Editor in 0.50 ms, found 3 plugins.
Preloading 0 native plugins for Editor in 0.00 ms.
Mono: successfully reloaded assembly
- Completed reload, in  0.786 seconds
Platform modules already initialized, skipping
Refreshing native plugins compatible for Editor in 0.50 ms, found 3 plugins.
Preloading 0 native plugins for Editor in 0.00 ms.
Unloading 2088 Unused Serialized files (Serialized files now loaded: 0)
System memory in use before: 96.9 MB.
System memory in use after: 96.9 MB.

Unloading 21 unused Assets to reduce memory usage. Loaded Objects now: 2766.
Total: 2.160500 ms (FindLiveObjects: 0.242400 ms CreateObjectMapping: 0.054300 ms MarkObjects: 1.751700 ms  DeleteObjects: 0.111300 ms)

========================================================================
Received Import Request.
  Time since last request: 81.159263 seconds.
  path: Assets/Main Level.mixer
  artifactKey: Guid(f517794c36c69874bb5ffcea9dbfcdb1) Importer(815301076,1909f56bfc062723c751e8b465ee728b)
Start importing Assets/Main Level.mixer using Guid(f517794c36c69874bb5ffcea9dbfcdb1) Importer(815301076,1909f56bfc062723c751e8b465ee728b)  -> (artifact id: '1c13ad89ab7a1c6916c8a2d7774683b1') in 0.010100 seconds
  Import took 0.012872 seconds .

========================================================================
Received Prepare
Registering precompiled user dll's ...
Registered in 0.002872 seconds.
Begin MonoManager ReloadAssembly
Native extension for WindowsStandalone target not found
Native extension for WebGL target not found
Refreshing native plugins compatible for Editor in 0.52 ms, found 3 plugins.
Preloading 0 native plugins for Editor in 0.00 ms.
Mono: successfully reloaded assembly
- Completed reload, in  0.780 seconds
Platform modules already initialized, skipping
Refreshing native plugins compatible for Editor in 0.52 ms, found 3 plugins.
Preloading 0 native plugins for Editor in 0.00 ms.
Unloading 2088 Unused Serialized files (Serialized files now loaded: 0)
System memory in use before: 96.9 MB.
System memory in use after: 96.9 MB.

Unloading 21 unused Assets to reduce memory usage. Loaded Objects now: 2770.
Total: 2.116400 ms (FindLiveObjects: 0.231500 ms CreateObjectMapping: 0.053100 ms MarkObjects: 1.722400 ms  DeleteObjects: 0.108700 ms)

AssetImportWorkerClient::OnTransportError - code=2 error=End of file
